TN:
SF:models\Trade.js
FNF:0
FNH:0
DA:1,1
DA:3,1
DA:10,1
LF:3
LH:3
BRF:0
BRH:0
end_of_record
TN:
SF:services\BinanceService.js
FN:4,(anonymous_0)
FN:10,(anonymous_1)
FN:14,(anonymous_2)
FNF:3
FNH:3
FNDA:4,(anonymous_0)
FNDA:2,(anonymous_1)
FNDA:2,(anonymous_2)
DA:1,2
DA:5,4
DA:11,2
DA:14,2
DA:23,2
LF:5
LH:5
BRDA:10,0,0,0
BRF:1
BRH:0
end_of_record
TN:
SF:services\TradingService.js
FN:5,(anonymous_0)
FNF:1
FNH:1
FNDA:2,(anonymous_0)
DA:1,1
DA:2,1
DA:6,2
DA:7,2
DA:8,1
DA:9,1
DA:11,1
DA:16,1
LF:8
LH:8
BRF:0
BRH:0
end_of_record
TN:
SF:strategies\SimpleStrategy.js
FN:2,(anonymous_0)
FN:7,(anonymous_1)
FNF:2
FNH:2
FNDA:4,(anonymous_0)
FNDA:4,(anonymous_1)
DA:3,4
DA:4,4
DA:8,4
DA:10,3
DA:11,3
DA:13,3
DA:14,3
DA:16,3
DA:17,1
DA:18,2
DA:19,1
DA:21,1
DA:25,1
LF:13
LH:13
BRDA:8,0,0,1
BRDA:8,0,1,3
BRDA:16,1,0,1
BRDA:16,1,1,2
BRDA:18,2,0,1
BRDA:18,2,1,1
BRF:6
BRH:6
end_of_record
